2018-07-24 23:21:11,762 INFO [com.cg.irs.pl.Main] - Trying to Login...
2018-07-24 23:23:55,439 INFO [com.cg.irs.pl.Main] - Trying to Login...
2018-07-24 23:24:20,583 INFO [com.cg.irs.pl.Main] - Trying to Login...
2018-07-24 23:26:22,683 INFO [com.cg.irs.pl.Main] - Trying to Login...
2018-07-24 23:26:31,479 ERROR [com.cg.irs.pl.Main] - Login Failed : 
com.cg.irs.exception.RecruitmentSystemException: Invalid Username or Password
	at com.cg.irs.dao.UserDaoImpl.authenticateCredinal(UserDaoImpl.java:46)
	at com.cg.irs.service.UserServiceImpl.authenticateCredinal(UserServiceImpl.java:21)
	at com.cg.irs.pl.Main.loginUser(Main.java:73)
	at com.cg.irs.pl.Main.main(Main.java:34)
2018-07-24 23:26:31,482 INFO [com.cg.irs.pl.Main] - Trying to Login...
2018-07-25 08:59:01,780 INFO [com.cg.irs.pl.Main] - Trying to Login...
2018-07-25 09:00:50,903 ERROR [com.cg.irs.pl.Main] - Login Failed : 
com.cg.irs.exception.RecruitmentSystemException: Invalid Username or Password
	at com.cg.irs.dao.UserDaoImpl.authenticateCredinal(UserDaoImpl.java:46)
	at com.cg.irs.service.UserServiceImpl.authenticateCredinal(UserServiceImpl.java:21)
	at com.cg.irs.pl.Main.loginUser(Main.java:73)
	at com.cg.irs.pl.Main.main(Main.java:34)
2018-07-25 09:00:50,904 INFO [com.cg.irs.pl.Main] - Trying to Login...
2018-07-25 09:05:01,074 INFO [com.cg.irs.pl.Main] - Trying to Login...
2018-07-25 09:05:15,906 INFO [com.cg.irs.pl.Main] - Trying to Login...
2018-07-25 09:19:04,231 INFO [com.cg.irs.pl.Main] - Trying to Login...
2018-07-25 09:24:34,576 INFO [com.cg.irs.pl.Main] - Trying to Login...
2018-07-25 09:27:19,659 INFO [com.cg.irs.pl.Main] - Trying to Login...
2018-07-25 09:27:23,935 ERROR [com.cg.irs.pl.Main] - Login Failed : 
com.cg.irs.exception.RecruitmentSystemException: Invalid Username or Password
	at com.cg.irs.dao.UserDaoImpl.authenticateCredinal(UserDaoImpl.java:46)
	at com.cg.irs.service.UserServiceImpl.authenticateCredinal(UserServiceImpl.java:21)
	at com.cg.irs.pl.Main.loginUser(Main.java:72)
	at com.cg.irs.pl.Main.main(Main.java:33)
2018-07-25 09:27:29,322 INFO [com.cg.irs.pl.Main] - Trying to Login...
2018-07-25 09:27:37,108 ERROR [com.cg.irs.pl.Main] - Login Failed : 
com.cg.irs.exception.RecruitmentSystemException: Invalid Username or Password
	at com.cg.irs.dao.UserDaoImpl.authenticateCredinal(UserDaoImpl.java:46)
	at com.cg.irs.service.UserServiceImpl.authenticateCredinal(UserServiceImpl.java:21)
	at com.cg.irs.pl.Main.loginUser(Main.java:72)
	at com.cg.irs.pl.Main.main(Main.java:33)
2018-07-25 09:27:49,417 INFO [com.cg.irs.pl.Main] - Trying to Login...
2018-07-25 09:27:54,258 ERROR [com.cg.irs.pl.Main] - Login Failed : 
com.cg.irs.exception.RecruitmentSystemException: Invalid Username or Password
	at com.cg.irs.dao.UserDaoImpl.authenticateCredinal(UserDaoImpl.java:46)
	at com.cg.irs.service.UserServiceImpl.authenticateCredinal(UserServiceImpl.java:21)
	at com.cg.irs.pl.Main.loginUser(Main.java:75)
	at com.cg.irs.pl.Main.main(Main.java:35)
2018-07-25 09:27:54,259 INFO [com.cg.irs.pl.Main] - Trying to Login...
2018-07-25 09:28:04,056 INFO [com.cg.irs.pl.Main] - Trying to Login...
2018-07-25 09:28:05,394 ERROR [com.cg.irs.pl.Main] - Login Failed : 
com.cg.irs.exception.RecruitmentSystemException: Invalid Username or Password
	at com.cg.irs.dao.UserDaoImpl.authenticateCredinal(UserDaoImpl.java:46)
	at com.cg.irs.service.UserServiceImpl.authenticateCredinal(UserServiceImpl.java:21)
	at com.cg.irs.pl.Main.loginUser(Main.java:75)
	at com.cg.irs.pl.Main.main(Main.java:35)
2018-07-25 09:28:05,394 INFO [com.cg.irs.pl.Main] - Trying to Login...
2018-07-25 09:28:42,639 INFO [com.cg.irs.pl.Main] - Trying to Login...
2018-07-25 09:29:41,777 INFO [com.cg.irs.pl.Main] - Trying to Login...
2018-07-25 09:32:15,038 INFO [com.cg.irs.pl.Main] - Trying to Login...
2018-07-25 09:32:42,839 INFO [com.cg.irs.pl.Main] - Trying to Login...
2018-07-25 09:59:26,730 INFO [com.cg.irs.pl.Main] - Trying to Login...
2018-07-25 10:07:25,987 INFO [com.cg.irs.pl.Main] - Trying to Login...
2018-07-25 10:10:18,046 INFO [com.cg.irs.pl.Main] - Trying to Login...
2018-07-25 10:13:00,967 INFO [com.cg.irs.pl.Main] - Trying to Login...
2018-07-25 10:14:12,119 INFO [com.cg.irs.pl.Main] - Trying to Login...
2018-07-25 10:14:59,235 INFO [com.cg.irs.pl.Main] - Trying to Login...
2018-07-25 10:16:51,173 INFO [com.cg.irs.pl.Main] - Trying to Login...
2018-07-25 10:18:12,344 INFO [com.cg.irs.pl.Main] - Trying to Login...
2018-07-25 10:18:25,907 INFO [com.cg.irs.pl.Main] - Trying to Login...
2018-07-25 10:18:57,659 INFO [com.cg.irs.pl.Main] - Trying to Login...
2018-07-25 10:22:07,880 INFO [com.cg.irs.pl.Main] - Trying to Login...
2018-07-25 10:22:15,447 INFO [com.cg.irs.pl.Main] - Trying to Login...
2018-07-25 10:23:43,968 INFO [com.cg.irs.pl.Main] - Trying to Login...
2018-07-25 10:27:49,066 INFO [com.cg.irs.pl.Main] - Trying to Login...
2018-07-25 10:32:06,500 INFO [com.cg.irs.pl.Main] - Trying to Login...
2018-07-25 10:34:22,350 INFO [com.cg.irs.pl.Main] - Trying to Login...
2018-07-25 10:35:48,388 INFO [com.cg.irs.pl.Main] - Trying to Login...
2018-07-25 10:38:14,505 INFO [com.cg.irs.pl.Main] - Trying to Login...
2018-07-25 10:50:03,212 INFO [com.cg.irs.pl.Main] - Trying to Login...
2018-07-25 10:59:14,639 INFO [com.cg.irs.pl.Main] - Trying to Login...
2018-07-25 11:01:49,166 INFO [com.cg.irs.pl.Main] - Trying to Login...
2018-07-25 11:17:28,922 INFO [com.cg.irs.pl.Main] - Trying to Login...
2018-07-25 11:17:41,732 INFO [com.cg.irs.pl.Main] - Trying to Login...
2018-07-25 11:18:15,055 INFO [com.cg.irs.pl.Main] - Trying to Login...
2018-07-25 11:19:41,131 INFO [com.cg.irs.pl.Main] - Trying to Login...
2018-07-25 11:19:56,751 ERROR [com.cg.irs.pl.Main] - Login Failed : 
com.cg.irs.exception.RecruitmentSystemException: Invalid Username or Password
	at com.cg.irs.dao.UserDaoImpl.authenticateCredinal(UserDaoImpl.java:46)
	at com.cg.irs.service.UserServiceImpl.authenticateCredinal(UserServiceImpl.java:21)
	at com.cg.irs.pl.Main.loginUser(Main.java:75)
	at com.cg.irs.pl.Main.main(Main.java:35)
2018-07-25 11:19:56,753 INFO [com.cg.irs.pl.Main] - Trying to Login...
2018-07-25 11:20:47,429 INFO [com.cg.irs.pl.Main] - Trying to Login...
2018-07-25 11:20:57,748 INFO [com.cg.irs.pl.Main] - Trying to Login...
2018-07-25 11:21:13,187 INFO [com.cg.irs.pl.Main] - Trying to Login...
2018-07-25 11:21:19,363 INFO [com.cg.irs.pl.Main] - Trying to Login...
2018-07-25 11:23:43,102 INFO [com.cg.irs.pl.Main] - Trying to Login...
2018-07-25 11:24:13,177 INFO [com.cg.irs.pl.Main] - Trying to Login...
2018-07-25 11:24:44,966 INFO [com.cg.irs.pl.Main] - Trying to Login...
2018-07-25 11:26:26,521 INFO [com.cg.irs.pl.Main] - Trying to Login...
2018-07-25 11:26:52,269 INFO [com.cg.irs.pl.Main] - Trying to Login...
2018-07-25 11:27:28,155 INFO [com.cg.irs.pl.Main] - Trying to Login...
